INFO 2021-11-01 22:24:04,417 autoreload 584 Watching for file changes with StatReloader
INFO 2021-11-01 22:24:19,739 basehttp 154 "GET / HTTP/1.1" 200 2
WARNING 2021-11-01 22:24:20,029 log 222 Not Found: /favicon.ico
WARNING 2021-11-01 22:24:20,030 basehttp 154 "GET /favicon.ico HTTP/1.1" 404 2199
INFO 2021-11-01 22:26:38,992 autoreload 211 E:\python\luffy\luffyapi\luffyapi\apps\home\views.py changed, reloading.
INFO 2021-11-01 22:26:40,744 autoreload 584 Watching for file changes with StatReloader
INFO 2021-11-01 22:26:52,328 autoreload 584 Watching for file changes with StatReloader
INFO 2021-11-01 22:26:57,323 views 8 请求来了
INFO 2021-11-01 22:26:57,329 basehttp 154 "GET / HTTP/1.1" 200 2
INFO 2021-11-01 22:28:37,647 autoreload 584 Watching for file changes with StatReloader
INFO 2021-11-01 22:30:14,728 autoreload 211 E:\python\luffy\luffyapi\luffyapi\settings\dev.py changed, reloading.
INFO 2021-11-01 22:30:16,765 autoreload 584 Watching for file changes with StatReloader
INFO 2021-11-01 22:31:05,836 autoreload 584 Watching for file changes with StatReloader
INFO 2021-11-01 22:32:01,506 autoreload 584 Watching for file changes with StatReloader
INFO 2021-11-01 22:35:11,107 autoreload 211 E:\python\luffy\luffyapi\luffyapi\apps\home\views.py changed, reloading.
INFO 2021-11-01 22:35:12,823 autoreload 584 Watching for file changes with StatReloader
INFO 2021-11-01 23:34:13,515 autoreload 211 E:\python\luffy\luffyapi\luffyapi\apps\home\views.py changed, reloading.
INFO 2021-11-01 23:34:15,338 autoreload 584 Watching for file changes with StatReloader
INFO 2021-11-01 23:34:43,458 autoreload 211 E:\python\luffy\luffyapi\luffyapi\apps\home\views.py changed, reloading.
INFO 2021-11-01 23:34:45,389 autoreload 584 Watching for file changes with StatReloader
INFO 2021-11-01 23:35:40,006 autoreload 211 E:\python\luffy\luffyapi\luffyapi\apps\home\views.py changed, reloading.
INFO 2021-11-01 23:35:41,579 autoreload 584 Watching for file changes with StatReloader
INFO 2021-11-01 23:36:41,123 autoreload 211 E:\python\luffy\luffyapi\luffyapi\apps\home\views.py changed, reloading.
INFO 2021-11-01 23:36:42,754 autoreload 584 Watching for file changes with StatReloader
INFO 2021-11-01 23:37:34,705 autoreload 211 E:\python\luffy\luffyapi\luffyapi\urls.py changed, reloading.
INFO 2021-11-01 23:37:36,313 autoreload 584 Watching for file changes with StatReloader
INFO 2021-11-01 23:38:04,513 autoreload 211 E:\python\luffy\luffyapi\luffyapi\settings\dev.py changed, reloading.
INFO 2021-11-01 23:38:06,090 autoreload 584 Watching for file changes with StatReloader
INFO 2021-11-01 23:38:34,759 autoreload 211 E:\python\luffy\luffyapi\luffyapi\settings\dev.py changed, reloading.
INFO 2021-11-01 23:38:36,534 autoreload 584 Watching for file changes with StatReloader
INFO 2021-11-01 23:39:53,617 autoreload 211 E:\python\luffy\luffyapi\luffyapi\settings\dev.py changed, reloading.
INFO 2021-11-01 23:39:55,199 autoreload 584 Watching for file changes with StatReloader
INFO 2021-11-01 23:40:18,777 autoreload 584 Watching for file changes with StatReloader
INFO 2021-11-01 23:40:47,692 basehttp 154 "GET /test HTTP/1.1" 301 0
ERROR 2021-11-01 23:40:53,406 log 222 Internal Server Error: /test/
Traceback (most recent call last):
  File "D:\Virtualenvs\luffy\lib\site-packages\rest_framework\views.py", line 506, in dispatch
    response = handler(request, *args, **kwargs)
  File "E:\python\luffy\luffyapi\luffyapi\apps\home\views.py", line 18, in get
    print(l[9])
IndexError: list index out of range

During handling of the above exception, another exception occurred:

Traceback (most recent call last):
  File "D:\Virtualenvs\luffy\lib\site-packages\django\core\handlers\exception.py", line 34, in inner
    response = get_response(request)
  File "D:\Virtualenvs\luffy\lib\site-packages\django\core\handlers\base.py", line 115, in _get_response
    response = self.process_exception_by_middleware(e, request)
  File "D:\Virtualenvs\luffy\lib\site-packages\django\core\handlers\base.py", line 113, in _get_response
    response = wrapped_callback(request, *callback_args, **callback_kwargs)
  File "D:\Virtualenvs\luffy\lib\site-packages\django\views\decorators\csrf.py", line 54, in wrapped_view
    return view_func(*args, **kwargs)
  File "D:\Virtualenvs\luffy\lib\site-packages\django\views\generic\base.py", line 71, in view
    return self.dispatch(request, *args, **kwargs)
  File "D:\Virtualenvs\luffy\lib\site-packages\rest_framework\views.py", line 509, in dispatch
    response = self.handle_exception(exc)
  File "D:\Virtualenvs\luffy\lib\site-packages\rest_framework\views.py", line 466, in handle_exception
    response = exception_handler(exc, context)
  File "E:\python\luffy\luffyapi\luffyapi\utils\exceptions.py", line 19, in custom_exception_handler
    res = APIResponse(code=999, msg='系统错误')
  File "E:\python\luffy\luffyapi\luffyapi\utils\response.py", line 17, in __init__
    data.update(kwargs)
AttributeError: 'NoneType' object has no attribute 'update'
ERROR 2021-11-01 23:40:53,412 basehttp 154 "GET /test/ HTTP/1.1" 500 102553
INFO 2021-11-01 23:42:32,799 autoreload 211 E:\python\luffy\luffyapi\luffyapi\utils\response.py changed, reloading.
INFO 2021-11-01 23:42:34,522 autoreload 584 Watching for file changes with StatReloader
ERROR 2021-11-01 23:42:43,857 exceptions 20 服务器错误
INFO 2021-11-01 23:42:44,040 basehttp 154 "GET /test/ HTTP/1.1" 200 5195
INFO 2021-11-01 23:42:44,344 basehttp 154 "GET /static/rest_framework/css/default.css HTTP/1.1" 200 1152
INFO 2021-11-01 23:42:44,344 basehttp 154 "GET /static/rest_framework/css/prettify.css HTTP/1.1" 200 817
INFO 2021-11-01 23:42:44,346 basehttp 154 "GET /static/rest_framework/css/bootstrap-tweaks.css HTTP/1.1" 200 3385
INFO 2021-11-01 23:42:44,348 basehttp 154 "GET /static/rest_framework/css/bootstrap.min.css HTTP/1.1" 200 121457
INFO 2021-11-01 23:42:44,350 basehttp 154 "GET /static/rest_framework/js/ajax-form.js HTTP/1.1" 200 3597
INFO 2021-11-01 23:42:44,417 basehttp 154 "GET /static/rest_framework/js/default.js HTTP/1.1" 200 1268
INFO 2021-11-01 23:42:44,418 basehttp 154 "GET /static/rest_framework/js/csrf.js HTTP/1.1" 200 1719
INFO 2021-11-01 23:42:44,442 basehttp 154 "GET /static/rest_framework/js/prettify-min.js HTTP/1.1" 200 13632
INFO 2021-11-01 23:42:44,446 basehttp 154 "GET /static/rest_framework/img/grid.png HTTP/1.1" 200 1458
INFO 2021-11-01 23:42:44,458 basehttp 154 "GET /static/rest_framework/js/bootstrap.min.js HTTP/1.1" 200 39680
INFO 2021-11-01 23:42:44,461 basehttp 154 "GET /static/rest_framework/js/jquery-3.5.1.min.js HTTP/1.1" 200 89476
INFO 2021-11-01 23:45:23,683 autoreload 211 E:\python\luffy\luffyapi\luffyapi\utils\exceptions.py changed, reloading.
INFO 2021-11-01 23:45:25,345 autoreload 584 Watching for file changes with StatReloader
INFO 2021-11-01 23:52:46,184 autoreload 584 Watching for file changes with StatReloader
ERROR 2021-11-01 23:52:59,185 exceptions 20 服务端错误，错误原因是：list index out of range，出错的view是：<luffyapi.apps.home.views.TestView object at 0x0000020A434D9070>，请求地址是：/test/
INFO 2021-11-01 23:52:59,240 basehttp 154 "GET /test/ HTTP/1.1" 200 5195
INFO 2021-11-01 23:57:15,091 autoreload 584 Watching for file changes with StatReloader
INFO 2021-11-02 21:19:07,016 autoreload 584 Watching for file changes with StatReloader
INFO 2021-11-02 21:33:23,855 autoreload 211 E:\python\luffy\luffyapi\luffyapi\urls.py changed, reloading.
INFO 2021-11-02 21:33:25,795 autoreload 584 Watching for file changes with StatReloader
INFO 2021-11-02 21:35:46,754 autoreload 211 E:\python\luffy\luffyapi\luffyapi\urls.py changed, reloading.
INFO 2021-11-02 21:35:48,806 autoreload 584 Watching for file changes with StatReloader
INFO 2021-11-02 21:38:22,877 autoreload 211 E:\python\luffy\luffyapi\luffyapi\settings\dev.py changed, reloading.
INFO 2021-11-02 21:38:24,773 autoreload 584 Watching for file changes with StatReloader
INFO 2021-11-02 21:46:11,857 autoreload 584 Watching for file changes with StatReloader
INFO 2021-11-02 21:46:28,521 autoreload 211 E:\python\luffy\luffyapi\luffyapi\settings\dev.py changed, reloading.
INFO 2021-11-02 21:46:30,352 autoreload 584 Watching for file changes with StatReloader
INFO 2021-11-02 21:46:44,874 autoreload 584 Watching for file changes with StatReloader
INFO 2021-11-02 21:46:58,226 autoreload 211 E:\python\luffy\luffyapi\luffyapi\settings\dev.py changed, reloading.
INFO 2021-11-02 21:46:59,772 autoreload 584 Watching for file changes with StatReloader
INFO 2021-11-02 22:14:26,656 autoreload 584 Watching for file changes with StatReloader
INFO 2021-11-02 22:41:18,387 autoreload 584 Watching for file changes with StatReloader
INFO 2021-11-02 22:43:17,341 autoreload 584 Watching for file changes with StatReloader
INFO 2021-11-02 22:50:17,685 autoreload 584 Watching for file changes with StatReloader
INFO 2021-11-02 22:52:35,334 autoreload 584 Watching for file changes with StatReloader
INFO 2021-11-02 22:53:01,421 basehttp 154 "GET /admin/ HTTP/1.1" 302 0
INFO 2021-11-02 22:53:01,606 basehttp 154 "GET /admin/login/?next=/admin/ HTTP/1.1" 200 4099
INFO 2021-11-02 22:53:01,809 basehttp 154 "GET /static/admin/simpleui-x/js/vue.min.js?_=2021.10.15 HTTP/1.1" 200 93675
INFO 2021-11-02 22:53:01,817 basehttp 154 "GET /static/admin/simpleui-x/elementui/index.js?_=2021.10.15 HTTP/1.1" 200 567853
WARNING 2021-11-02 22:53:02,211 log 222 Not Found: /favicon.ico
WARNING 2021-11-02 22:53:02,212 basehttp 154 "GET /favicon.ico HTTP/1.1" 404 2099
INFO 2021-11-02 22:53:13,090 basehttp 154 "POST /admin/login/?next=/admin/ HTTP/1.1" 302 0
INFO 2021-11-02 22:53:13,194 basehttp 154 "GET /admin/ HTTP/1.1" 200 17357
INFO 2021-11-02 22:53:13,315 basehttp 154 "GET /static/admin/simpleui-x/automatic/segment.js?_=2021.10.15 HTTP/1.1" 200 1186
INFO 2021-11-02 22:53:13,315 basehttp 154 "GET /static/admin/simpleui-x/automatic/dicts.js?_=2021.10.15 HTTP/1.1" 200 6292
INFO 2021-11-02 22:53:13,316 basehttp 154 "GET /static/admin/simpleui-x/locale/en-us.js?_=2021.10.15 HTTP/1.1" 200 811
INFO 2021-11-02 22:53:13,323 basehttp 154 "GET /static/admin/simpleui-x/locale/zh-hans.js?_=2021.10.15 HTTP/1.1" 200 1254
INFO 2021-11-02 22:53:13,337 basehttp 154 "GET /static/admin/simpleui-x/js/menu.js?_=2021.10.15 HTTP/1.1" 200 1189
INFO 2021-11-02 22:53:13,338 basehttp 154 "GET /static/admin/simpleui-x/waves/waves.min.js?_=2021.10.15 HTTP/1.1" 200 6329
INFO 2021-11-02 22:53:13,342 basehttp 154 "GET /static/admin/simpleui-x/js/cookie.js?_=2021.10.15 HTTP/1.1" 200 524
INFO 2021-11-02 22:53:13,346 basehttp 154 "GET /static/admin/simpleui-x/theme/theme.js?_=2021.10.15 HTTP/1.1" 200 4274
INFO 2021-11-02 22:53:13,367 basehttp 154 "GET /static/admin/simpleui-x/js/index.js?_=2021.10.15 HTTP/1.1" 200 20820
INFO 2021-11-02 22:54:51,773 autoreload 211 E:\python\luffy\luffyapi\luffyapi\apps\home\admin.py changed, reloading.
INFO 2021-11-02 22:54:53,331 autoreload 584 Watching for file changes with StatReloader
INFO 2021-11-02 22:54:58,775 basehttp 154 "GET /admin/ HTTP/1.1" 200 17691
INFO 2021-11-02 22:57:30,356 basehttp 154 "GET /admin/ HTTP/1.1" 200 17691
INFO 2021-11-02 22:57:38,037 basehttp 154 "GET /admin/home/banner/ HTTP/1.1" 200 24641
INFO 2021-11-02 22:57:38,087 basehttp 154 "GET /static/admin/simpleui-x/css/base.css?_=2.7 HTTP/1.1" 200 4157
INFO 2021-11-02 22:57:38,301 basehttp 154 "GET /admin/jsi18n/ HTTP/1.1" 200 7722
INFO 2021-11-02 22:57:38,308 basehttp 154 "GET /static/admin/css/responsive.css?_=20180905 HTTP/1.1" 200 17944
INFO 2021-11-02 22:57:38,310 basehttp 154 "GET /static/admin/css/base.css?_=2.7 HTTP/1.1" 200 16378
INFO 2021-11-02 22:57:38,311 basehttp 154 "GET /static/admin/css/changelists.css?_=20180905 HTTP/1.1" 200 6170
INFO 2021-11-02 22:57:38,393 basehttp 154 "GET /static/admin/js/core.js HTTP/1.1" 200 7135
INFO 2021-11-02 22:57:38,398 basehttp 154 "GET /static/admin/js/jquery.init.js HTTP/1.1" 200 363
INFO 2021-11-02 22:57:38,417 basehttp 154 "GET /static/admin/css/fonts.css HTTP/1.1" 200 423
INFO 2021-11-02 22:57:38,424 basehttp 154 "GET /static/admin/js/urlify.js HTTP/1.1" 200 8972
INFO 2021-11-02 22:57:38,429 basehttp 154 "GET /static/admin/js/prepopulate.js HTTP/1.1" 200 1530
INFO 2021-11-02 22:57:38,448 basehttp 154 "GET /static/admin/js/admin/RelatedObjectLookups.js HTTP/1.1" 200 6918
INFO 2021-11-02 22:57:38,458 basehttp 154 "GET /static/admin/js/actions.js HTTP/1.1" 200 6538
INFO 2021-11-02 22:57:38,494 basehttp 154 "GET /static/admin/js/vendor/jquery/jquery.js HTTP/1.1" 200 271817
INFO 2021-11-02 22:57:38,495 basehttp 154 "GET /static/admin/js/vendor/xregexp/xregexp.js HTTP/1.1" 200 128820
INFO 2021-11-02 22:57:38,574 basehttp 154 "GET /static/admin/js/vendor/jquery/jquery.min.js HTTP/1.1" 200 86944
INFO 2021-11-02 22:57:38,760 basehttp 154 "GET /static/admin/fonts/Roboto-Regular-webfont.woff HTTP/1.1" 200 85876
INFO 2021-11-02 22:57:38,779 basehttp 154 "GET /static/admin/fonts/Roboto-Bold-webfont.woff HTTP/1.1" 200 86184
INFO 2021-11-02 22:57:44,172 basehttp 154 "GET /admin/home/banner/add/ HTTP/1.1" 200 19852
INFO 2021-11-02 22:57:44,262 basehttp 154 "GET /admin/jsi18n/ HTTP/1.1" 200 7722
INFO 2021-11-02 22:57:44,290 basehttp 154 "GET /static/admin/css/forms.css HTTP/1.1" 200 8518
INFO 2021-11-02 22:57:44,322 basehttp 154 "GET /static/admin/js/prepopulate_init.js HTTP/1.1" 200 495
INFO 2021-11-02 22:57:44,329 basehttp 154 "GET /static/admin/js/change_form.js HTTP/1.1" 200 712
INFO 2021-11-02 22:57:44,414 basehttp 154 "GET /static/admin/css/widgets.css HTTP/1.1" 200 10340
INFO 2021-11-02 23:03:16,788 basehttp 154 "POST /admin/home/banner/add/ HTTP/1.1" 302 0
INFO 2021-11-02 23:03:16,864 basehttp 154 "GET /admin/home/banner/ HTTP/1.1" 200 25118
INFO 2021-11-02 23:03:16,924 basehttp 154 "GET /static/admin/simpleui-x/js/vue.min.js?_=2021.10.15 HTTP/1.1" 304 0
INFO 2021-11-02 23:03:16,950 basehttp 154 "GET /admin/jsi18n/ HTTP/1.1" 200 7722
INFO 2021-11-02 23:03:16,951 basehttp 154 "GET /static/admin/simpleui-x/elementui/index.js?_=2021.10.15 HTTP/1.1" 304 0
INFO 2021-11-02 23:03:22,731 basehttp 154 "GET /admin/home/banner/add/ HTTP/1.1" 200 19852
INFO 2021-11-02 23:03:22,778 basehttp 154 "GET /admin/jsi18n/ HTTP/1.1" 200 7722
INFO 2021-11-02 23:04:03,388 basehttp 154 "POST /admin/home/banner/add/ HTTP/1.1" 302 0
INFO 2021-11-02 23:04:03,455 basehttp 154 "GET /admin/home/banner/add/ HTTP/1.1" 200 20044
INFO 2021-11-02 23:04:03,498 basehttp 154 "GET /admin/jsi18n/ HTTP/1.1" 200 7722
INFO 2021-11-02 23:05:39,007 basehttp 154 "POST /admin/home/banner/add/ HTTP/1.1" 302 0
INFO 2021-11-02 23:05:39,079 basehttp 154 "GET /admin/home/banner/ HTTP/1.1" 200 25830
INFO 2021-11-02 23:05:39,118 basehttp 154 "GET /static/admin/simpleui-x/css/base.css?_=2.7 HTTP/1.1" 304 0
INFO 2021-11-02 23:05:39,124 basehttp 154 "GET /admin/jsi18n/ HTTP/1.1" 200 7722
INFO 2021-11-02 23:09:10,930 autoreload 211 E:\python\luffy\luffyapi\luffyapi\apps\home\views.py changed, reloading.
INFO 2021-11-02 23:09:12,640 autoreload 584 Watching for file changes with StatReloader
INFO 2021-11-02 23:11:58,278 autoreload 211 E:\python\luffy\luffyapi\luffyapi\apps\home\serializer.py changed, reloading.
INFO 2021-11-02 23:12:00,049 autoreload 584 Watching for file changes with StatReloader
INFO 2021-11-02 23:14:44,427 autoreload 584 Watching for file changes with StatReloader
INFO 2021-11-02 23:17:55,008 autoreload 584 Watching for file changes with StatReloader
INFO 2021-11-02 23:18:41,193 autoreload 584 Watching for file changes with StatReloader
WARNING 2021-11-02 23:19:21,072 log 222 Not Found: /backend/
WARNING 2021-11-02 23:19:21,074 basehttp 154 "GET /backend/ HTTP/1.1" 404 2219
INFO 2021-11-02 23:19:23,525 basehttp 154 "GET /banner HTTP/1.1" 301 0
INFO 2021-11-02 23:19:23,881 basehttp 154 "GET /banner/ HTTP/1.1" 200 6016
INFO 2021-11-02 23:19:23,979 basehttp 154 "GET /static/rest_framework/css/bootstrap.min.css HTTP/1.1" 304 0
INFO 2021-11-02 23:19:23,979 basehttp 154 "GET /static/rest_framework/css/bootstrap-tweaks.css HTTP/1.1" 304 0
INFO 2021-11-02 23:19:23,989 basehttp 154 "GET /static/rest_framework/css/default.css HTTP/1.1" 304 0
INFO 2021-11-02 23:19:23,991 basehttp 154 "GET /static/rest_framework/css/prettify.css HTTP/1.1" 304 0
INFO 2021-11-02 23:19:24,002 basehttp 154 "GET /static/rest_framework/js/csrf.js HTTP/1.1" 304 0
INFO 2021-11-02 23:19:24,011 basehttp 154 "GET /static/rest_framework/js/bootstrap.min.js HTTP/1.1" 304 0
INFO 2021-11-02 23:19:24,013 basehttp 154 "GET /static/rest_framework/js/default.js HTTP/1.1" 304 0
INFO 2021-11-02 23:19:24,015 basehttp 154 "GET /static/rest_framework/js/prettify-min.js HTTP/1.1" 304 0
INFO 2021-11-02 23:19:24,018 basehttp 154 "GET /static/rest_framework/js/jquery-3.5.1.min.js HTTP/1.1" 304 0
INFO 2021-11-02 23:19:24,018 basehttp 154 "GET /static/rest_framework/js/ajax-form.js HTTP/1.1" 304 0
INFO 2021-11-02 23:19:24,106 basehttp 154 "GET /static/rest_framework/img/grid.png HTTP/1.1" 304 0
INFO 2021-11-02 23:27:59,213 autoreload 211 E:\python\luffy\luffyapi\luffyapi\apps\home\serializer.py changed, reloading.
INFO 2021-11-02 23:28:01,225 autoreload 584 Watching for file changes with StatReloader
INFO 2021-11-02 23:29:06,714 autoreload 211 E:\python\luffy\luffyapi\luffyapi\apps\home\serializer.py changed, reloading.
INFO 2021-11-02 23:29:08,661 autoreload 584 Watching for file changes with StatReloader
INFO 2021-11-02 23:29:37,482 autoreload 211 E:\python\luffy\luffyapi\luffyapi\apps\home\serializer.py changed, reloading.
INFO 2021-11-02 23:29:39,429 autoreload 584 Watching for file changes with StatReloader
INFO 2021-11-02 23:29:54,114 autoreload 211 E:\python\luffy\luffyapi\luffyapi\apps\home\serializer.py changed, reloading.
INFO 2021-11-02 23:29:55,663 autoreload 584 Watching for file changes with StatReloader
ERROR 2021-11-02 23:30:11,707 log 222 Internal Server Error: /banner/
Traceback (most recent call last):
  File "D:\Virtualenvs\luffy\lib\site-packages\django\core\handlers\exception.py", line 34, in inner
    response = get_response(request)
  File "D:\Virtualenvs\luffy\lib\site-packages\django\core\handlers\base.py", line 145, in _get_response
    response = self.process_exception_by_middleware(e, request)
  File "D:\Virtualenvs\luffy\lib\site-packages\django\core\handlers\base.py", line 143, in _get_response
    response = response.render()
  File "D:\Virtualenvs\luffy\lib\site-packages\django\template\response.py", line 106, in render
    self.content = self.rendered_content
  File "D:\Virtualenvs\luffy\lib\site-packages\rest_framework\response.py", line 70, in rendered_content
    ret = renderer.render(self.data, accepted_media_type, context)
  File "D:\Virtualenvs\luffy\lib\site-packages\rest_framework\renderers.py", line 724, in render
    context = self.get_context(data, accepted_media_type, renderer_context)
  File "D:\Virtualenvs\luffy\lib\site-packages\rest_framework\renderers.py", line 680, in get_context
    'content': self.get_content(renderer, data, accepted_media_type, renderer_context),
  File "D:\Virtualenvs\luffy\lib\site-packages\rest_framework\renderers.py", line 413, in get_content
    content = renderer.render(data, accepted_media_type, renderer_context)
  File "D:\Virtualenvs\luffy\lib\site-packages\rest_framework\renderers.py", line 100, in render
    ret = json.dumps(
  File "D:\Virtualenvs\luffy\lib\site-packages\rest_framework\utils\json.py", line 25, in dumps
    return json.dumps(*args, **kwargs)
  File "d:\anaconda\anaconda\lib\json\__init__.py", line 234, in dumps
    return cls(
  File "d:\anaconda\anaconda\lib\json\encoder.py", line 201, in encode
    chunks = list(chunks)
  File "d:\anaconda\anaconda\lib\json\encoder.py", line 429, in _iterencode
    yield from _iterencode_list(o, _current_indent_level)
  File "d:\anaconda\anaconda\lib\json\encoder.py", line 325, in _iterencode_list
    yield from chunks
  File "d:\anaconda\anaconda\lib\json\encoder.py", line 405, in _iterencode_dict
    yield from chunks
  File "d:\anaconda\anaconda\lib\json\encoder.py", line 439, in _iterencode
    yield from _iterencode(o, _current_indent_level)
  File "d:\anaconda\anaconda\lib\json\encoder.py", line 429, in _iterencode
    yield from _iterencode_list(o, _current_indent_level)
  File "d:\anaconda\anaconda\lib\json\encoder.py", line 325, in _iterencode_list
    yield from chunks
  File "d:\anaconda\anaconda\lib\json\encoder.py", line 438, in _iterencode
    o = _default(o)
  File "D:\Virtualenvs\luffy\lib\site-packages\rest_framework\utils\encoders.py", line 50, in default
    return obj.decode()
UnicodeDecodeError: 'utf-8' codec can't decode byte 0x89 in position 0: invalid start byte
ERROR 2021-11-02 23:30:11,712 basehttp 154 "GET /banner/ HTTP/1.1" 500 227264
INFO 2021-11-02 23:31:02,108 autoreload 211 E:\python\luffy\luffyapi\luffyapi\apps\home\serializer.py changed, reloading.
INFO 2021-11-02 23:31:04,458 autoreload 584 Watching for file changes with StatReloader
INFO 2021-11-02 23:31:05,638 basehttp 154 "GET /banner/ HTTP/1.1" 200 5690
INFO 2021-11-02 23:33:50,557 autoreload 211 E:\python\luffy\luffyapi\luffyapi\apps\home\serializer.py changed, reloading.
INFO 2021-11-02 23:33:52,568 autoreload 584 Watching for file changes with StatReloader
INFO 2021-11-02 23:33:59,566 autoreload 211 E:\python\luffy\luffyapi\luffyapi\apps\home\serializer.py changed, reloading.
INFO 2021-11-02 23:34:01,347 autoreload 584 Watching for file changes with StatReloader
INFO 2021-11-02 23:34:12,835 basehttp 154 "GET /banner/ HTTP/1.1" 200 6004
WARNING 2021-11-02 23:34:15,687 log 222 Not Found: /mediabanner/banner1.png
WARNING 2021-11-02 23:34:15,688 basehttp 154 "GET /mediabanner/banner1.png HTTP/1.1" 404 2264
INFO 2021-11-02 23:34:35,161 autoreload 211 E:\python\luffy\luffyapi\luffyapi\apps\home\serializer.py changed, reloading.
INFO 2021-11-02 23:34:36,560 autoreload 584 Watching for file changes with StatReloader
INFO 2021-11-02 23:34:42,391 basehttp 154 "GET /banner/ HTTP/1.1" 200 6010
INFO 2021-11-02 23:34:44,543 basehttp 154 "GET /media/banner/banner1.png HTTP/1.1" 200 264105
INFO 2021-11-02 23:46:27,553 basehttp 154 "GET /banner/ HTTP/1.1" 200 269
INFO 2021-11-02 23:46:27,623 basehttp 154 "GET /media/banner/banner1.png HTTP/1.1" 200 264105
INFO 2021-11-02 23:46:27,633 basehttp 154 "GET /media/banner/banner2.png HTTP/1.1" 200 111031
INFO 2021-11-02 23:46:27,645 basehttp 154 "GET /media/banner/banner1_iuO59ig.png HTTP/1.1" 200 264105
INFO 2021-11-02 23:49:50,486 basehttp 154 "GET /banner/ HTTP/1.1" 200 269
INFO 2021-11-02 23:49:53,218 basehttp 154 "GET /banner/ HTTP/1.1" 200 269
INFO 2021-11-02 23:53:02,159 basehttp 154 "GET /banner/ HTTP/1.1" 200 269
INFO 2021-11-02 23:53:02,186 basehttp 154 "GET /media/banner/banner1.png HTTP/1.1" 304 0
INFO 2021-11-02 23:53:02,188 basehttp 154 "GET /media/banner/banner2.png HTTP/1.1" 304 0
INFO 2021-11-02 23:53:02,190 basehttp 154 "GET /media/banner/banner1_iuO59ig.png HTTP/1.1" 304 0
INFO 2021-11-02 23:53:04,927 basehttp 154 "GET /banner/ HTTP/1.1" 200 269
INFO 2021-11-03 00:08:06,972 autoreload 211 E:\python\luffy\luffyapi\luffyapi\apps\home\views.py changed, reloading.
INFO 2021-11-03 00:08:08,507 autoreload 584 Watching for file changes with StatReloader
INFO 2021-11-03 00:08:18,735 autoreload 211 E:\python\luffy\luffyapi\luffyapi\apps\home\views.py changed, reloading.
INFO 2021-11-03 00:08:20,298 autoreload 584 Watching for file changes with StatReloader
INFO 2021-11-03 00:08:54,515 basehttp 154 "GET /banner/ HTTP/1.1" 200 6010
INFO 2021-11-03 00:09:35,709 autoreload 211 E:\python\luffy\luffyapi\luffyapi\apps\home\views.py changed, reloading.
INFO 2021-11-03 00:09:37,233 autoreload 584 Watching for file changes with StatReloader
INFO 2021-11-03 00:09:37,983 basehttp 154 "GET /banner/ HTTP/1.1" 200 5498
INFO 2021-11-03 00:10:15,169 autoreload 211 E:\python\luffy\luffyapi\luffyapi\apps\home\views.py changed, reloading.
INFO 2021-11-03 00:10:17,151 autoreload 584 Watching for file changes with StatReloader
INFO 2021-11-03 00:10:34,382 autoreload 211 E:\python\luffy\luffyapi\luffyapi\apps\home\views.py changed, reloading.
INFO 2021-11-03 00:10:35,942 autoreload 584 Watching for file changes with StatReloader
INFO 2021-11-03 00:11:12,736 autoreload 211 E:\python\luffy\luffyapi\luffyapi\settings\dev.py changed, reloading.
INFO 2021-11-03 00:11:14,940 autoreload 584 Watching for file changes with StatReloader
INFO 2021-11-03 00:11:53,774 autoreload 211 E:\python\luffy\luffyapi\luffyapi\settings\dev.py changed, reloading.
INFO 2021-11-03 00:12:30,233 autoreload 584 Watching for file changes with StatReloader
INFO 2021-11-03 00:12:34,725 basehttp 154 "GET /banner/ HTTP/1.1" 200 5498
INFO 2021-11-03 00:12:36,925 basehttp 154 "GET /banner/ HTTP/1.1" 200 5498
INFO 2021-11-03 00:12:53,950 autoreload 211 E:\python\luffy\luffyapi\luffyapi\settings\dev.py changed, reloading.
INFO 2021-11-03 00:12:55,784 autoreload 584 Watching for file changes with StatReloader
INFO 2021-11-03 00:12:57,524 basehttp 154 "GET /banner/ HTTP/1.1" 200 5745
INFO 2021-11-03 00:14:13,364 autoreload 211 E:\python\luffy\luffyapi\luffyapi\settings\dev.py changed, reloading.
INFO 2021-11-03 00:14:15,104 autoreload 584 Watching for file changes with StatReloader
INFO 2021-11-03 00:16:16,775 autoreload 211 E:\python\luffy\luffyapi\luffyapi\settings\dev.py changed, reloading.
INFO 2021-11-03 00:16:19,135 autoreload 584 Watching for file changes with StatReloader
INFO 2021-11-04 16:12:25,470 autoreload 584 Watching for file changes with StatReloader
INFO 2021-11-04 16:12:43,553 basehttp 154 "GET /banner/ HTTP/1.1" 200 178
INFO 2021-11-04 16:12:44,076 basehttp 154 "GET /media/banner/banner2.png HTTP/1.1" 304 0
INFO 2021-11-04 16:12:44,076 basehttp 154 "GET /media/banner/banner1.png HTTP/1.1" 304 0
INFO 2021-11-04 16:15:05,608 basehttp 154 "GET /banner/ HTTP/1.1" 200 178
INFO 2021-11-04 16:15:11,089 basehttp 154 "GET /banner/ HTTP/1.1" 200 178
INFO 2021-11-04 16:15:15,005 basehttp 154 "GET /banner/ HTTP/1.1" 200 178
INFO 2021-11-04 16:15:18,868 basehttp 154 "GET /banner/ HTTP/1.1" 200 178
INFO 2021-11-04 16:18:33,471 basehttp 154 "GET /banner/ HTTP/1.1" 200 178
INFO 2021-11-04 16:32:29,894 autoreload 211 E:\python\luffy\luffyapi\luffyapi\apps\home\views.py changed, reloading.
INFO 2021-11-04 16:32:32,254 autoreload 584 Watching for file changes with StatReloader
INFO 2021-11-04 16:34:07,645 autoreload 211 E:\python\luffy\luffyapi\luffyapi\apps\home\serializer.py changed, reloading.
INFO 2021-11-04 16:34:09,399 autoreload 584 Watching for file changes with StatReloader
INFO 2021-11-04 16:46:47,458 basehttp 154 "GET /banner/ HTTP/1.1" 200 173
INFO 2021-11-04 16:46:47,521 basehttp 154 "GET /media/banner/banner1_iuO59ig.png HTTP/1.1" 304 0
INFO 2021-11-04 16:46:57,405 basehttp 154 "GET /banner/ HTTP/1.1" 200 173
INFO 2021-11-04 16:47:01,636 basehttp 154 "GET /banner/ HTTP/1.1" 200 173
INFO 2021-11-04 16:47:05,062 basehttp 154 "GET /banner/ HTTP/1.1" 200 173
INFO 2021-11-04 16:47:10,347 basehttp 154 "GET /banner/ HTTP/1.1" 200 173
INFO 2021-11-04 16:47:13,283 basehttp 154 "GET /banner/ HTTP/1.1" 200 173
INFO 2021-11-05 14:32:42,819 autoreload 584 Watching for file changes with StatReloader
